GET / Tue, 11 Oct 2016 05:44:59 GMT
GET / Tue, 11 Oct 2016 05:46:02 GMT
GET / Tue, 11 Oct 2016 05:47:02 GMT
GET /new Tue, 11 Oct 2016 05:47:06 GMT
POST / Tue, 11 Oct 2016 05:47:22 GMT
POST / Tue, 11 Oct 2016 05:50:02 GMT
POST / Tue, 11 Oct 2016 05:50:53 GMT
GET / Tue, 11 Oct 2016 05:51:05 GMT
GET /new Tue, 11 Oct 2016 05:51:07 GMT
POST / Tue, 11 Oct 2016 05:51:24 GMT
POST / Tue, 11 Oct 2016 05:53:17 GMT
GET / Tue, 11 Oct 2016 05:53:21 GMT
GET /1 Tue, 11 Oct 2016 05:53:23 GMT
GET / Tue, 11 Oct 2016 19:38:56 GMT
GET /new Tue, 11 Oct 2016 19:38:56 GMT
GET /1 Tue, 11 Oct 2016 19:38:56 GMT
GET /2 Tue, 11 Oct 2016 19:38:56 GMT
POST /1 Tue, 11 Oct 2016 19:38:56 GMT
POST /1 Tue, 11 Oct 2016 19:38:56 GMT
POST /1 Tue, 11 Oct 2016 19:38:56 GMT
POST /cat%20toy Tue, 11 Oct 2016 19:38:56 GMT
GET /1 Tue, 11 Oct 2016 19:38:56 GMT
DELETE /496 Tue, 11 Oct 2016 19:38:56 GMT
DELETE /1 Tue, 11 Oct 2016 19:38:56 GMT
GET /1 Tue, 11 Oct 2016 19:38:56 GMT
GET / Tue, 11 Oct 2016 19:40:04 GMT
GET /new Tue, 11 Oct 2016 19:40:04 GMT
GET /1 Tue, 11 Oct 2016 19:40:04 GMT
GET /2 Tue, 11 Oct 2016 19:40:04 GMT
POST /1 Tue, 11 Oct 2016 19:40:04 GMT
POST /1 Tue, 11 Oct 2016 19:40:04 GMT
POST /1 Tue, 11 Oct 2016 19:40:04 GMT
POST /cat%20toy Tue, 11 Oct 2016 19:40:04 GMT
GET /1 Tue, 11 Oct 2016 19:40:04 GMT
DELETE /496 Tue, 11 Oct 2016 19:40:04 GMT
DELETE /1 Tue, 11 Oct 2016 19:40:04 GMT
GET /1 Tue, 11 Oct 2016 19:40:04 GMT
GET / Tue, 11 Oct 2016 19:42:42 GMT
GET /new Tue, 11 Oct 2016 19:42:42 GMT
GET /1 Tue, 11 Oct 2016 19:42:42 GMT
GET /2 Tue, 11 Oct 2016 19:42:42 GMT
POST /1 Tue, 11 Oct 2016 19:42:42 GMT
POST /1 Tue, 11 Oct 2016 19:42:42 GMT
POST /1 Tue, 11 Oct 2016 19:42:42 GMT
POST /cat%20toy Tue, 11 Oct 2016 19:42:42 GMT
GET /1 Tue, 11 Oct 2016 19:42:42 GMT
DELETE /496 Tue, 11 Oct 2016 19:42:42 GMT
DELETE /1 Tue, 11 Oct 2016 19:42:42 GMT
GET /1 Tue, 11 Oct 2016 19:42:42 GMT
GET / Tue, 11 Oct 2016 19:43:25 GMT
GET /cat%20toy Tue, 11 Oct 2016 19:43:26 GMT
GET /new Tue, 11 Oct 2016 19:43:26 GMT
GET /1 Tue, 11 Oct 2016 19:43:26 GMT
GET /2 Tue, 11 Oct 2016 19:43:26 GMT
POST /1 Tue, 11 Oct 2016 19:43:26 GMT
POST /1 Tue, 11 Oct 2016 19:43:26 GMT
POST /1 Tue, 11 Oct 2016 19:43:26 GMT
POST /cat%20toy Tue, 11 Oct 2016 19:43:26 GMT
GET /1 Tue, 11 Oct 2016 19:43:26 GMT
DELETE /496 Tue, 11 Oct 2016 19:43:26 GMT
DELETE /1 Tue, 11 Oct 2016 19:43:26 GMT
GET /1 Tue, 11 Oct 2016 19:43:26 GMT
GET / Tue, 11 Oct 2016 19:45:03 GMT
GET /cat%20toy Tue, 11 Oct 2016 19:45:03 GMT
GET /new Tue, 11 Oct 2016 19:45:03 GMT
POST / Tue, 11 Oct 2016 19:45:03 GMT
POST / Tue, 11 Oct 2016 19:45:03 GMT
POST / Tue, 11 Oct 2016 19:45:03 GMT
POST / Tue, 11 Oct 2016 19:45:03 GMT
GET /1 Tue, 11 Oct 2016 19:45:03 GMT
GET /2 Tue, 11 Oct 2016 19:45:03 GMT
POST /1 Tue, 11 Oct 2016 19:45:03 GMT
POST /1 Tue, 11 Oct 2016 19:45:03 GMT
POST /1 Tue, 11 Oct 2016 19:45:03 GMT
POST /cat%20toy Tue, 11 Oct 2016 19:45:03 GMT
GET /1 Tue, 11 Oct 2016 19:45:03 GMT
DELETE /496 Tue, 11 Oct 2016 19:45:04 GMT
DELETE /1 Tue, 11 Oct 2016 19:45:04 GMT
GET /1 Tue, 11 Oct 2016 19:45:04 GMT
GET / Tue, 11 Oct 2016 19:46:38 GMT
GET /cat%20toy Tue, 11 Oct 2016 19:46:38 GMT
GET /new Tue, 11 Oct 2016 19:46:38 GMT
POST / Tue, 11 Oct 2016 19:46:38 GMT
POST / Tue, 11 Oct 2016 19:46:38 GMT
POST / Tue, 11 Oct 2016 19:46:38 GMT
POST / Tue, 11 Oct 2016 19:46:38 GMT
GET /1 Tue, 11 Oct 2016 19:46:38 GMT
GET /2 Tue, 11 Oct 2016 19:46:38 GMT
POST /1 Tue, 11 Oct 2016 19:46:39 GMT
POST /1 Tue, 11 Oct 2016 19:46:39 GMT
POST /1 Tue, 11 Oct 2016 19:46:39 GMT
POST /cat%20toy Tue, 11 Oct 2016 19:46:39 GMT
GET /1 Tue, 11 Oct 2016 19:46:39 GMT
DELETE /496 Tue, 11 Oct 2016 19:46:39 GMT
DELETE /1 Tue, 11 Oct 2016 19:46:39 GMT
GET /1 Tue, 11 Oct 2016 19:46:39 GMT
GET / Tue, 11 Oct 2016 19:48:42 GMT
GET /cat%20toy Tue, 11 Oct 2016 19:48:43 GMT
GET /new Tue, 11 Oct 2016 19:48:43 GMT
POST / Tue, 11 Oct 2016 19:48:43 GMT
POST / Tue, 11 Oct 2016 19:48:43 GMT
POST / Tue, 11 Oct 2016 19:48:43 GMT
POST / Tue, 11 Oct 2016 19:48:43 GMT
GET /1 Tue, 11 Oct 2016 19:48:43 GMT
GET /2 Tue, 11 Oct 2016 19:48:43 GMT
POST /1 Tue, 11 Oct 2016 19:48:43 GMT
POST /1 Tue, 11 Oct 2016 19:48:43 GMT
POST /1 Tue, 11 Oct 2016 19:48:43 GMT
POST /cat%20toy Tue, 11 Oct 2016 19:48:43 GMT
GET /1 Tue, 11 Oct 2016 19:48:43 GMT
DELETE /496 Tue, 11 Oct 2016 19:48:43 GMT
DELETE /1 Tue, 11 Oct 2016 19:48:43 GMT
GET /1 Tue, 11 Oct 2016 19:48:43 GMT
GET / Tue, 11 Oct 2016 19:51:15 GMT
GET /cat%20toy Tue, 11 Oct 2016 19:51:15 GMT
GET /new Tue, 11 Oct 2016 19:51:15 GMT
POST / Tue, 11 Oct 2016 19:51:16 GMT
POST / Tue, 11 Oct 2016 19:51:16 GMT
POST / Tue, 11 Oct 2016 19:51:16 GMT
POST / Tue, 11 Oct 2016 19:51:16 GMT
GET /1 Tue, 11 Oct 2016 19:51:16 GMT
GET /2 Tue, 11 Oct 2016 19:51:16 GMT
GET /1 Tue, 11 Oct 2016 19:51:16 GMT
POST /1 Tue, 11 Oct 2016 19:51:16 GMT
POST /1 Tue, 11 Oct 2016 19:51:16 GMT
POST /1 Tue, 11 Oct 2016 19:51:16 GMT
POST /cat%20toy Tue, 11 Oct 2016 19:51:16 GMT
GET /1 Tue, 11 Oct 2016 19:51:16 GMT
DELETE /496 Tue, 11 Oct 2016 19:51:16 GMT
DELETE /1 Tue, 11 Oct 2016 19:51:16 GMT
GET /1 Tue, 11 Oct 2016 19:51:16 GMT
GET / Tue, 11 Oct 2016 19:53:02 GMT
GET /cat%20toy Tue, 11 Oct 2016 19:53:03 GMT
GET /new Tue, 11 Oct 2016 19:53:03 GMT
POST / Tue, 11 Oct 2016 19:53:03 GMT
POST / Tue, 11 Oct 2016 19:53:03 GMT
POST / Tue, 11 Oct 2016 19:53:03 GMT
POST / Tue, 11 Oct 2016 19:53:03 GMT
GET /1 Tue, 11 Oct 2016 19:53:03 GMT
GET /2 Tue, 11 Oct 2016 19:53:03 GMT
GET /1 Tue, 11 Oct 2016 19:53:03 GMT
POST /1 Tue, 11 Oct 2016 19:53:03 GMT
POST /1 Tue, 11 Oct 2016 19:53:03 GMT
POST /1 Tue, 11 Oct 2016 19:53:03 GMT
POST /cat%20toy Tue, 11 Oct 2016 19:53:03 GMT
GET /1 Tue, 11 Oct 2016 19:53:03 GMT
DELETE /496 Tue, 11 Oct 2016 19:53:03 GMT
DELETE /1 Tue, 11 Oct 2016 19:53:03 GMT
GET /1 Tue, 11 Oct 2016 19:53:03 GMT
GET / Tue, 11 Oct 2016 19:56:02 GMT
GET /cat%20toy Tue, 11 Oct 2016 19:56:02 GMT
GET /new Tue, 11 Oct 2016 19:56:02 GMT
POST / Tue, 11 Oct 2016 19:56:03 GMT
POST / Tue, 11 Oct 2016 19:56:03 GMT
POST / Tue, 11 Oct 2016 19:56:03 GMT
POST / Tue, 11 Oct 2016 19:56:03 GMT
GET /1 Tue, 11 Oct 2016 19:56:03 GMT
GET /2 Tue, 11 Oct 2016 19:56:03 GMT
GET /1 Tue, 11 Oct 2016 19:56:03 GMT
POST /1 Tue, 11 Oct 2016 19:56:03 GMT
POST /1 Tue, 11 Oct 2016 19:56:03 GMT
POST /1 Tue, 11 Oct 2016 19:56:03 GMT
POST /cat%20toy Tue, 11 Oct 2016 19:56:03 GMT
GET /1 Tue, 11 Oct 2016 19:56:03 GMT
DELETE /496 Tue, 11 Oct 2016 19:56:03 GMT
DELETE /1 Tue, 11 Oct 2016 19:56:03 GMT
GET /1 Tue, 11 Oct 2016 19:56:03 GMT
GET / Tue, 11 Oct 2016 19:58:42 GMT
GET /cat%20toy Tue, 11 Oct 2016 19:58:42 GMT
GET /new Tue, 11 Oct 2016 19:58:42 GMT
POST / Tue, 11 Oct 2016 19:58:42 GMT
POST / Tue, 11 Oct 2016 19:58:43 GMT
POST / Tue, 11 Oct 2016 19:58:43 GMT
POST / Tue, 11 Oct 2016 19:58:43 GMT
GET /1 Tue, 11 Oct 2016 19:58:43 GMT
GET /2 Tue, 11 Oct 2016 19:58:43 GMT
GET /1 Tue, 11 Oct 2016 19:58:43 GMT
POST /1 Tue, 11 Oct 2016 19:58:43 GMT
POST /1 Tue, 11 Oct 2016 19:58:43 GMT
POST /1 Tue, 11 Oct 2016 19:58:43 GMT
POST /cat%20toy Tue, 11 Oct 2016 19:58:43 GMT
GET /1 Tue, 11 Oct 2016 19:58:43 GMT
DELETE /496 Tue, 11 Oct 2016 19:58:43 GMT
DELETE /1 Tue, 11 Oct 2016 19:58:43 GMT
GET /1 Tue, 11 Oct 2016 19:58:43 GMT
GET / Tue, 11 Oct 2016 20:07:08 GMT
GET /cat%20toy Tue, 11 Oct 2016 20:07:08 GMT
GET /new Tue, 11 Oct 2016 20:07:08 GMT
POST / Tue, 11 Oct 2016 20:07:08 GMT
POST / Tue, 11 Oct 2016 20:07:08 GMT
POST / Tue, 11 Oct 2016 20:07:08 GMT
POST / Tue, 11 Oct 2016 20:07:08 GMT
GET /1 Tue, 11 Oct 2016 20:07:08 GMT
GET /2 Tue, 11 Oct 2016 20:07:08 GMT
GET /1 Tue, 11 Oct 2016 20:07:08 GMT
POST /1 Tue, 11 Oct 2016 20:07:09 GMT
POST /1 Tue, 11 Oct 2016 20:07:09 GMT
POST /1 Tue, 11 Oct 2016 20:07:09 GMT
POST /cat%20toy Tue, 11 Oct 2016 20:07:09 GMT
GET /1 Tue, 11 Oct 2016 20:07:09 GMT
DELETE /496 Tue, 11 Oct 2016 20:07:09 GMT
DELETE /1 Tue, 11 Oct 2016 20:07:09 GMT
GET /1 Tue, 11 Oct 2016 20:07:09 GMT
GET / Tue, 11 Oct 2016 20:13:40 GMT
GET /cat%20toy Tue, 11 Oct 2016 20:13:40 GMT
GET /new Tue, 11 Oct 2016 20:13:40 GMT
POST / Tue, 11 Oct 2016 20:13:40 GMT
POST / Tue, 11 Oct 2016 20:13:40 GMT
POST / Tue, 11 Oct 2016 20:13:40 GMT
POST / Tue, 11 Oct 2016 20:13:40 GMT
GET /1 Tue, 11 Oct 2016 20:13:40 GMT
GET /2 Tue, 11 Oct 2016 20:13:40 GMT
GET /1 Tue, 11 Oct 2016 20:13:41 GMT
POST /1 Tue, 11 Oct 2016 20:13:41 GMT
POST /1 Tue, 11 Oct 2016 20:13:41 GMT
POST /1 Tue, 11 Oct 2016 20:13:41 GMT
POST /cat%20toy Tue, 11 Oct 2016 20:13:41 GMT
GET /1 Tue, 11 Oct 2016 20:13:41 GMT
DELETE /496 Tue, 11 Oct 2016 20:13:41 GMT
DELETE /1 Tue, 11 Oct 2016 20:13:41 GMT
GET /1 Tue, 11 Oct 2016 20:13:41 GMT
GET / Tue, 11 Oct 2016 20:13:55 GMT
GET /cat%20toy Tue, 11 Oct 2016 20:13:56 GMT
GET /new Tue, 11 Oct 2016 20:13:56 GMT
POST / Tue, 11 Oct 2016 20:13:56 GMT
POST / Tue, 11 Oct 2016 20:13:56 GMT
POST / Tue, 11 Oct 2016 20:13:56 GMT
POST / Tue, 11 Oct 2016 20:13:56 GMT
GET /1 Tue, 11 Oct 2016 20:13:56 GMT
GET /2 Tue, 11 Oct 2016 20:13:56 GMT
GET /1 Tue, 11 Oct 2016 20:13:56 GMT
POST /1 Tue, 11 Oct 2016 20:13:56 GMT
POST /1 Tue, 11 Oct 2016 20:13:56 GMT
POST /1 Tue, 11 Oct 2016 20:13:56 GMT
POST /cat%20toy Tue, 11 Oct 2016 20:13:56 GMT
GET /1 Tue, 11 Oct 2016 20:13:56 GMT
DELETE /496 Tue, 11 Oct 2016 20:13:56 GMT
DELETE /1 Tue, 11 Oct 2016 20:13:56 GMT
GET /1 Tue, 11 Oct 2016 20:13:56 GMT
GET / Tue, 11 Oct 2016 20:13:56 GMT
GET / Tue, 11 Oct 2016 20:13:56 GMT
GET /cat%20toy Tue, 11 Oct 2016 20:13:56 GMT
GET /new Tue, 11 Oct 2016 20:13:56 GMT
POST / Tue, 11 Oct 2016 20:13:56 GMT
POST / Tue, 11 Oct 2016 20:13:56 GMT
POST / Tue, 11 Oct 2016 20:13:56 GMT
POST / Tue, 11 Oct 2016 20:13:56 GMT
GET /1 Tue, 11 Oct 2016 20:13:56 GMT
GET /2 Tue, 11 Oct 2016 20:13:57 GMT
GET /1 Tue, 11 Oct 2016 20:13:57 GMT
POST /1 Tue, 11 Oct 2016 20:13:57 GMT
POST /1 Tue, 11 Oct 2016 20:13:57 GMT
POST /1 Tue, 11 Oct 2016 20:13:57 GMT
POST /cat%20toy Tue, 11 Oct 2016 20:13:57 GMT
GET /1 Tue, 11 Oct 2016 20:13:57 GMT
DELETE /496 Tue, 11 Oct 2016 20:13:57 GMT
DELETE /1 Tue, 11 Oct 2016 20:13:57 GMT
GET /1 Tue, 11 Oct 2016 20:13:57 GMT
GET / Tue, 11 Oct 2016 20:18:22 GMT
GET /cat%20toy Tue, 11 Oct 2016 20:18:22 GMT
GET /new Tue, 11 Oct 2016 20:18:22 GMT
POST / Tue, 11 Oct 2016 20:18:23 GMT
POST / Tue, 11 Oct 2016 20:18:23 GMT
POST / Tue, 11 Oct 2016 20:18:23 GMT
POST / Tue, 11 Oct 2016 20:18:23 GMT
GET /1 Tue, 11 Oct 2016 20:18:23 GMT
GET /2 Tue, 11 Oct 2016 20:18:23 GMT
GET /1 Tue, 11 Oct 2016 20:18:23 GMT
POST /1 Tue, 11 Oct 2016 20:18:23 GMT
POST /1 Tue, 11 Oct 2016 20:18:23 GMT
POST /1 Tue, 11 Oct 2016 20:18:23 GMT
POST /cat%20toy Tue, 11 Oct 2016 20:18:23 GMT
GET /1 Tue, 11 Oct 2016 20:18:23 GMT
DELETE /496 Tue, 11 Oct 2016 20:18:23 GMT
DELETE /1 Tue, 11 Oct 2016 20:18:23 GMT
GET /1 Tue, 11 Oct 2016 20:18:23 GMT
GET / Tue, 11 Oct 2016 20:18:23 GMT
GET / Tue, 11 Oct 2016 20:18:23 GMT
GET /cat%20toy Tue, 11 Oct 2016 20:18:23 GMT
GET /new Tue, 11 Oct 2016 20:18:23 GMT
POST / Tue, 11 Oct 2016 20:18:23 GMT
POST / Tue, 11 Oct 2016 20:18:23 GMT
POST / Tue, 11 Oct 2016 20:18:23 GMT
POST / Tue, 11 Oct 2016 20:18:23 GMT
GET /1 Tue, 11 Oct 2016 20:18:23 GMT
GET /2 Tue, 11 Oct 2016 20:18:23 GMT
GET /1 Tue, 11 Oct 2016 20:18:23 GMT
POST /1 Tue, 11 Oct 2016 20:18:23 GMT
POST /1 Tue, 11 Oct 2016 20:18:23 GMT
POST /1 Tue, 11 Oct 2016 20:18:23 GMT
POST /cat%20toy Tue, 11 Oct 2016 20:18:24 GMT
GET /1 Tue, 11 Oct 2016 20:18:24 GMT
DELETE /496 Tue, 11 Oct 2016 20:18:24 GMT
DELETE /1 Tue, 11 Oct 2016 20:18:24 GMT
GET /1 Tue, 11 Oct 2016 20:18:24 GMT
GET / Tue, 11 Oct 2016 20:48:20 GMT
GET /cat%20toy Tue, 11 Oct 2016 20:48:20 GMT
GET /new Tue, 11 Oct 2016 20:48:20 GMT
POST / Tue, 11 Oct 2016 20:48:20 GMT
POST / Tue, 11 Oct 2016 20:48:20 GMT
POST / Tue, 11 Oct 2016 20:48:20 GMT
POST / Tue, 11 Oct 2016 20:48:20 GMT
GET /1 Tue, 11 Oct 2016 20:48:20 GMT
GET /2 Tue, 11 Oct 2016 20:48:20 GMT
GET /1 Tue, 11 Oct 2016 20:48:20 GMT
POST /1 Tue, 11 Oct 2016 20:48:20 GMT
POST /1 Tue, 11 Oct 2016 20:48:20 GMT
POST /1 Tue, 11 Oct 2016 20:48:20 GMT
POST /cat%20toy Tue, 11 Oct 2016 20:48:20 GMT
GET /1 Tue, 11 Oct 2016 20:48:20 GMT
DELETE /496 Tue, 11 Oct 2016 20:48:21 GMT
DELETE /1 Tue, 11 Oct 2016 20:48:21 GMT
GET /1 Tue, 11 Oct 2016 20:48:21 GMT
GET / Tue, 11 Oct 2016 20:48:21 GMT
GET / Tue, 11 Oct 2016 20:48:21 GMT
GET /cat%20toy Tue, 11 Oct 2016 20:48:21 GMT
GET /new Tue, 11 Oct 2016 20:48:21 GMT
POST / Tue, 11 Oct 2016 20:48:21 GMT
POST / Tue, 11 Oct 2016 20:48:21 GMT
POST / Tue, 11 Oct 2016 20:48:21 GMT
POST / Tue, 11 Oct 2016 20:48:21 GMT
GET /Barking%20Doge Tue, 11 Oct 2016 20:48:21 GMT
GET /Wofeing%20Doge Tue, 11 Oct 2016 20:48:21 GMT
GET /Barking%20Doge Tue, 11 Oct 2016 20:48:21 GMT
POST /Barking%20Doge Tue, 11 Oct 2016 20:48:21 GMT
POST /Wofeing%20Doge Tue, 11 Oct 2016 20:48:21 GMT
POST /Wofeing%20Doge Tue, 11 Oct 2016 20:48:21 GMT
POST /Such%20Doge Tue, 11 Oct 2016 20:48:21 GMT
GET /ANGERY%20Doge Tue, 11 Oct 2016 20:48:21 GMT
DELETE /Such%20Doge Tue, 11 Oct 2016 20:48:21 GMT
DELETE /Wofeing%20Doge Tue, 11 Oct 2016 20:48:21 GMT
GET /Wofeing%20Doge Tue, 11 Oct 2016 20:48:21 GMT
GET / Tue, 11 Oct 2016 20:49:21 GMT
GET /cat%20toy Tue, 11 Oct 2016 20:49:21 GMT
GET /new Tue, 11 Oct 2016 20:49:21 GMT
POST / Tue, 11 Oct 2016 20:49:22 GMT
POST / Tue, 11 Oct 2016 20:49:22 GMT
POST / Tue, 11 Oct 2016 20:49:22 GMT
POST / Tue, 11 Oct 2016 20:49:22 GMT
GET /1 Tue, 11 Oct 2016 20:49:22 GMT
GET /2 Tue, 11 Oct 2016 20:49:22 GMT
GET /1 Tue, 11 Oct 2016 20:49:22 GMT
POST /1 Tue, 11 Oct 2016 20:49:22 GMT
POST /1 Tue, 11 Oct 2016 20:49:22 GMT
POST /1 Tue, 11 Oct 2016 20:49:22 GMT
POST /cat%20toy Tue, 11 Oct 2016 20:49:22 GMT
GET /1 Tue, 11 Oct 2016 20:49:22 GMT
DELETE /496 Tue, 11 Oct 2016 20:49:22 GMT
DELETE /1 Tue, 11 Oct 2016 20:49:22 GMT
GET /1 Tue, 11 Oct 2016 20:49:22 GMT
GET / Tue, 11 Oct 2016 20:49:22 GMT
GET / Tue, 11 Oct 2016 20:49:22 GMT
GET /cat%20toy Tue, 11 Oct 2016 20:49:22 GMT
GET /new Tue, 11 Oct 2016 20:49:22 GMT
POST / Tue, 11 Oct 2016 20:49:22 GMT
POST / Tue, 11 Oct 2016 20:49:22 GMT
POST / Tue, 11 Oct 2016 20:49:22 GMT
POST / Tue, 11 Oct 2016 20:49:22 GMT
GET /Barking%20Doge Tue, 11 Oct 2016 20:49:22 GMT
GET /Wofeing%20Doge Tue, 11 Oct 2016 20:49:22 GMT
GET /Barking%20Doge Tue, 11 Oct 2016 20:49:22 GMT
POST /Barking%20Doge Tue, 11 Oct 2016 20:49:23 GMT
POST /Wofeing%20Doge Tue, 11 Oct 2016 20:49:23 GMT
POST /Wofeing%20Doge Tue, 11 Oct 2016 20:49:23 GMT
POST /Such%20Doge Tue, 11 Oct 2016 20:49:23 GMT
GET /ANGERY%20Doge Tue, 11 Oct 2016 20:49:23 GMT
DELETE /Such%20Doge Tue, 11 Oct 2016 20:49:23 GMT
DELETE /Wofeing%20Doge Tue, 11 Oct 2016 20:49:23 GMT
GET /Wofeing%20Doge Tue, 11 Oct 2016 20:49:23 GMT
GET / Tue, 11 Oct 2016 20:49:43 GMT
GET /cat%20toy Tue, 11 Oct 2016 20:49:44 GMT
GET /new Tue, 11 Oct 2016 20:49:44 GMT
POST / Tue, 11 Oct 2016 20:49:44 GMT
POST / Tue, 11 Oct 2016 20:49:44 GMT
POST / Tue, 11 Oct 2016 20:49:44 GMT
POST / Tue, 11 Oct 2016 20:49:44 GMT
GET /1 Tue, 11 Oct 2016 20:49:44 GMT
GET /2 Tue, 11 Oct 2016 20:49:44 GMT
GET /1 Tue, 11 Oct 2016 20:49:44 GMT
POST /1 Tue, 11 Oct 2016 20:49:44 GMT
POST /1 Tue, 11 Oct 2016 20:49:44 GMT
POST /1 Tue, 11 Oct 2016 20:49:44 GMT
POST /cat%20toy Tue, 11 Oct 2016 20:49:44 GMT
GET /1 Tue, 11 Oct 2016 20:49:44 GMT
DELETE /496 Tue, 11 Oct 2016 20:49:44 GMT
DELETE /1 Tue, 11 Oct 2016 20:49:44 GMT
GET /1 Tue, 11 Oct 2016 20:49:44 GMT
GET / Tue, 11 Oct 2016 20:49:44 GMT
GET / Tue, 11 Oct 2016 20:49:44 GMT
GET /cat%20toy Tue, 11 Oct 2016 20:49:44 GMT
GET /new Tue, 11 Oct 2016 20:49:44 GMT
POST / Tue, 11 Oct 2016 20:49:45 GMT
POST / Tue, 11 Oct 2016 20:49:45 GMT
POST / Tue, 11 Oct 2016 20:49:45 GMT
POST / Tue, 11 Oct 2016 20:49:45 GMT
GET /Barking%20Doge Tue, 11 Oct 2016 20:49:45 GMT
GET /Wofeing%20Doge Tue, 11 Oct 2016 20:49:45 GMT
GET /Barking%20Doge Tue, 11 Oct 2016 20:49:45 GMT
POST /Barking%20Doge Tue, 11 Oct 2016 20:49:45 GMT
POST /Wofeing%20Doge Tue, 11 Oct 2016 20:49:45 GMT
POST /Wofeing%20Doge Tue, 11 Oct 2016 20:49:45 GMT
POST /Such%20Doge Tue, 11 Oct 2016 20:49:45 GMT
GET /ANGERY%20Doge Tue, 11 Oct 2016 20:49:45 GMT
DELETE /Such%20Doge Tue, 11 Oct 2016 20:49:45 GMT
DELETE /Wofeing%20Doge Tue, 11 Oct 2016 20:49:45 GMT
GET /Wofeing%20Doge Tue, 11 Oct 2016 20:49:45 GMT
GET / Tue, 11 Oct 2016 20:51:25 GMT
GET /cat%20toy Tue, 11 Oct 2016 20:51:25 GMT
GET /new Tue, 11 Oct 2016 20:51:25 GMT
POST / Tue, 11 Oct 2016 20:51:26 GMT
POST / Tue, 11 Oct 2016 20:51:26 GMT
POST / Tue, 11 Oct 2016 20:51:26 GMT
POST / Tue, 11 Oct 2016 20:51:26 GMT
GET /1 Tue, 11 Oct 2016 20:51:26 GMT
GET /2 Tue, 11 Oct 2016 20:51:26 GMT
GET /1 Tue, 11 Oct 2016 20:51:26 GMT
POST /1 Tue, 11 Oct 2016 20:51:26 GMT
POST /1 Tue, 11 Oct 2016 20:51:26 GMT
POST /1 Tue, 11 Oct 2016 20:51:26 GMT
POST /cat%20toy Tue, 11 Oct 2016 20:51:26 GMT
GET /1 Tue, 11 Oct 2016 20:51:26 GMT
DELETE /496 Tue, 11 Oct 2016 20:51:26 GMT
DELETE /1 Tue, 11 Oct 2016 20:51:26 GMT
GET /1 Tue, 11 Oct 2016 20:51:26 GMT
GET / Tue, 11 Oct 2016 20:51:26 GMT
GET / Tue, 11 Oct 2016 20:51:26 GMT
GET /cat%20toy Tue, 11 Oct 2016 20:51:26 GMT
GET /new Tue, 11 Oct 2016 20:51:26 GMT
POST / Tue, 11 Oct 2016 20:51:26 GMT
POST / Tue, 11 Oct 2016 20:51:26 GMT
POST / Tue, 11 Oct 2016 20:51:26 GMT
POST / Tue, 11 Oct 2016 20:51:26 GMT
GET /Barking%20Doge Tue, 11 Oct 2016 20:51:26 GMT
GET /Wofeing%20Doge Tue, 11 Oct 2016 20:51:26 GMT
GET /Barking%20Doge Tue, 11 Oct 2016 20:51:26 GMT
POST /Barking%20Doge Tue, 11 Oct 2016 20:51:26 GMT
POST /Wofeing%20Doge Tue, 11 Oct 2016 20:51:26 GMT
POST /Wofeing%20Doge Tue, 11 Oct 2016 20:51:26 GMT
POST /Such%20Doge Tue, 11 Oct 2016 20:51:26 GMT
GET /ANGERY%20Doge Tue, 11 Oct 2016 20:51:26 GMT
DELETE /Such%20Doge Tue, 11 Oct 2016 20:51:26 GMT
DELETE /Wofeing%20Doge Tue, 11 Oct 2016 20:51:26 GMT
GET /Wofeing%20Doge Tue, 11 Oct 2016 20:51:26 GMT
GET / Tue, 11 Oct 2016 20:52:17 GMT
GET /cat%20toy Tue, 11 Oct 2016 20:52:18 GMT
GET /new Tue, 11 Oct 2016 20:52:18 GMT
POST / Tue, 11 Oct 2016 20:52:18 GMT
POST / Tue, 11 Oct 2016 20:52:18 GMT
POST / Tue, 11 Oct 2016 20:52:18 GMT
POST / Tue, 11 Oct 2016 20:52:18 GMT
GET /1 Tue, 11 Oct 2016 20:52:18 GMT
GET /2 Tue, 11 Oct 2016 20:52:18 GMT
GET /1 Tue, 11 Oct 2016 20:52:18 GMT
POST /1 Tue, 11 Oct 2016 20:52:18 GMT
POST /1 Tue, 11 Oct 2016 20:52:18 GMT
POST /1 Tue, 11 Oct 2016 20:52:18 GMT
POST /cat%20toy Tue, 11 Oct 2016 20:52:18 GMT
GET /1 Tue, 11 Oct 2016 20:52:18 GMT
DELETE /496 Tue, 11 Oct 2016 20:52:18 GMT
DELETE /1 Tue, 11 Oct 2016 20:52:18 GMT
GET /1 Tue, 11 Oct 2016 20:52:18 GMT
GET / Tue, 11 Oct 2016 20:52:18 GMT
GET / Tue, 11 Oct 2016 20:52:18 GMT
GET /cat%20toy Tue, 11 Oct 2016 20:52:18 GMT
GET /new Tue, 11 Oct 2016 20:52:18 GMT
POST / Tue, 11 Oct 2016 20:52:19 GMT
POST / Tue, 11 Oct 2016 20:52:19 GMT
POST / Tue, 11 Oct 2016 20:52:19 GMT
POST / Tue, 11 Oct 2016 20:52:19 GMT
GET /Barking%20Doge Tue, 11 Oct 2016 20:52:19 GMT
GET /Wofeing%20Doge Tue, 11 Oct 2016 20:52:19 GMT
GET /Barking%20Doge Tue, 11 Oct 2016 20:52:19 GMT
POST /Barking%20Doge Tue, 11 Oct 2016 20:52:19 GMT
POST /Wofeing%20Doge Tue, 11 Oct 2016 20:52:19 GMT
POST /Wofeing%20Doge Tue, 11 Oct 2016 20:52:19 GMT
POST /Such%20Doge Tue, 11 Oct 2016 20:52:19 GMT
GET /ANGERY%20Doge Tue, 11 Oct 2016 20:52:19 GMT
DELETE /Such%20Doge Tue, 11 Oct 2016 20:52:19 GMT
DELETE /Wofeing%20Doge Tue, 11 Oct 2016 20:52:19 GMT
GET /Wofeing%20Doge Tue, 11 Oct 2016 20:52:19 GMT
GET / Tue, 11 Oct 2016 20:54:34 GMT
GET /cat%20toy Tue, 11 Oct 2016 20:54:34 GMT
GET /new Tue, 11 Oct 2016 20:54:34 GMT
POST / Tue, 11 Oct 2016 20:54:34 GMT
POST / Tue, 11 Oct 2016 20:54:34 GMT
POST / Tue, 11 Oct 2016 20:54:34 GMT
POST / Tue, 11 Oct 2016 20:54:34 GMT
GET /1 Tue, 11 Oct 2016 20:54:34 GMT
GET /2 Tue, 11 Oct 2016 20:54:34 GMT
GET /1 Tue, 11 Oct 2016 20:54:34 GMT
POST /1 Tue, 11 Oct 2016 20:54:34 GMT
POST /1 Tue, 11 Oct 2016 20:54:34 GMT
POST /1 Tue, 11 Oct 2016 20:54:34 GMT
POST /cat%20toy Tue, 11 Oct 2016 20:54:35 GMT
GET /1 Tue, 11 Oct 2016 20:54:35 GMT
DELETE /496 Tue, 11 Oct 2016 20:54:35 GMT
DELETE /1 Tue, 11 Oct 2016 20:54:35 GMT
GET /1 Tue, 11 Oct 2016 20:54:35 GMT
GET / Tue, 11 Oct 2016 20:54:35 GMT
GET / Tue, 11 Oct 2016 20:54:35 GMT
GET /cat%20toy Tue, 11 Oct 2016 20:54:35 GMT
GET /new Tue, 11 Oct 2016 20:54:35 GMT
POST / Tue, 11 Oct 2016 20:54:35 GMT
POST / Tue, 11 Oct 2016 20:54:35 GMT
POST / Tue, 11 Oct 2016 20:54:35 GMT
POST / Tue, 11 Oct 2016 20:54:35 GMT
GET /Barking%20Doge Tue, 11 Oct 2016 20:54:35 GMT
GET /Wofeing%20Doge Tue, 11 Oct 2016 20:54:35 GMT
GET /Barking%20Doge Tue, 11 Oct 2016 20:54:35 GMT
POST /Barking%20Doge Tue, 11 Oct 2016 20:54:35 GMT
POST /Wofeing%20Doge Tue, 11 Oct 2016 20:54:35 GMT
POST /Wofeing%20Doge Tue, 11 Oct 2016 20:54:35 GMT
POST /Such%20Doge Tue, 11 Oct 2016 20:54:35 GMT
GET /ANGERY%20Doge Tue, 11 Oct 2016 20:54:35 GMT
DELETE /Such%20Doge Tue, 11 Oct 2016 20:54:35 GMT
DELETE /Wofeing%20Doge Tue, 11 Oct 2016 20:54:35 GMT
GET /Wofeing%20Doge Tue, 11 Oct 2016 20:54:35 GMT
GET / Tue, 11 Oct 2016 20:55:21 GMT
GET /cat%20toy Tue, 11 Oct 2016 20:55:22 GMT
GET /new Tue, 11 Oct 2016 20:55:22 GMT
POST / Tue, 11 Oct 2016 20:55:22 GMT
POST / Tue, 11 Oct 2016 20:55:22 GMT
POST / Tue, 11 Oct 2016 20:55:22 GMT
POST / Tue, 11 Oct 2016 20:55:22 GMT
GET /1 Tue, 11 Oct 2016 20:55:22 GMT
GET /2 Tue, 11 Oct 2016 20:55:22 GMT
GET /1 Tue, 11 Oct 2016 20:55:22 GMT
POST /1 Tue, 11 Oct 2016 20:55:22 GMT
POST /1 Tue, 11 Oct 2016 20:55:22 GMT
POST /1 Tue, 11 Oct 2016 20:55:22 GMT
POST /cat%20toy Tue, 11 Oct 2016 20:55:22 GMT
GET /1 Tue, 11 Oct 2016 20:55:22 GMT
DELETE /496 Tue, 11 Oct 2016 20:55:22 GMT
DELETE /1 Tue, 11 Oct 2016 20:55:22 GMT
GET /1 Tue, 11 Oct 2016 20:55:22 GMT
GET / Tue, 11 Oct 2016 20:55:22 GMT
GET / Tue, 11 Oct 2016 20:55:22 GMT
GET /cat%20toy Tue, 11 Oct 2016 20:55:22 GMT
GET /new Tue, 11 Oct 2016 20:55:22 GMT
POST / Tue, 11 Oct 2016 20:55:22 GMT
POST / Tue, 11 Oct 2016 20:55:22 GMT
POST / Tue, 11 Oct 2016 20:55:22 GMT
POST / Tue, 11 Oct 2016 20:55:22 GMT
GET /Barking%20Doge Tue, 11 Oct 2016 20:55:22 GMT
GET /Wofeing%20Doge Tue, 11 Oct 2016 20:55:23 GMT
GET /Barking%20Doge Tue, 11 Oct 2016 20:55:23 GMT
POST /Barking%20Doge Tue, 11 Oct 2016 20:55:23 GMT
POST /Wofeing%20Doge Tue, 11 Oct 2016 20:55:23 GMT
POST /Wofeing%20Doge Tue, 11 Oct 2016 20:55:23 GMT
POST /Such%20Doge Tue, 11 Oct 2016 20:55:23 GMT
GET /ANGERY%20Doge Tue, 11 Oct 2016 20:55:23 GMT
DELETE /Such%20Doge Tue, 11 Oct 2016 20:55:23 GMT
DELETE /Wofeing%20Doge Tue, 11 Oct 2016 20:55:23 GMT
GET /Wofeing%20Doge Tue, 11 Oct 2016 20:55:23 GMT
GET / Tue, 11 Oct 2016 20:56:39 GMT
GET /cat%20toy Tue, 11 Oct 2016 20:56:40 GMT
GET /new Tue, 11 Oct 2016 20:56:40 GMT
POST / Tue, 11 Oct 2016 20:56:40 GMT
POST / Tue, 11 Oct 2016 20:56:40 GMT
POST / Tue, 11 Oct 2016 20:56:40 GMT
POST / Tue, 11 Oct 2016 20:56:40 GMT
GET /1 Tue, 11 Oct 2016 20:56:40 GMT
GET /2 Tue, 11 Oct 2016 20:56:40 GMT
GET /1 Tue, 11 Oct 2016 20:56:40 GMT
POST /1 Tue, 11 Oct 2016 20:56:40 GMT
POST /1 Tue, 11 Oct 2016 20:56:40 GMT
POST /1 Tue, 11 Oct 2016 20:56:40 GMT
POST /cat%20toy Tue, 11 Oct 2016 20:56:40 GMT
GET /1 Tue, 11 Oct 2016 20:56:40 GMT
DELETE /496 Tue, 11 Oct 2016 20:56:40 GMT
DELETE /1 Tue, 11 Oct 2016 20:56:40 GMT
GET /1 Tue, 11 Oct 2016 20:56:40 GMT
GET / Tue, 11 Oct 2016 20:56:40 GMT
GET / Tue, 11 Oct 2016 20:56:40 GMT
GET /cat%20toy Tue, 11 Oct 2016 20:56:40 GMT
GET /new Tue, 11 Oct 2016 20:56:40 GMT
POST / Tue, 11 Oct 2016 20:56:41 GMT
POST / Tue, 11 Oct 2016 20:56:41 GMT
POST / Tue, 11 Oct 2016 20:56:41 GMT
POST / Tue, 11 Oct 2016 20:56:41 GMT
GET /Barking%20Doge Tue, 11 Oct 2016 20:56:41 GMT
GET /Wofeing%20Doge Tue, 11 Oct 2016 20:56:41 GMT
GET /Barking%20Doge Tue, 11 Oct 2016 20:56:41 GMT
POST /Barking%20Doge Tue, 11 Oct 2016 20:56:41 GMT
POST /Wofeing%20Doge Tue, 11 Oct 2016 20:56:41 GMT
POST /Wofeing%20Doge Tue, 11 Oct 2016 20:56:41 GMT
POST /Such%20Doge Tue, 11 Oct 2016 20:56:41 GMT
GET /ANGERY%20Doge Tue, 11 Oct 2016 20:56:41 GMT
DELETE /Such%20Doge Tue, 11 Oct 2016 20:56:41 GMT
DELETE /Wofeing%20Doge Tue, 11 Oct 2016 20:56:41 GMT
GET /Wofeing%20Doge Tue, 11 Oct 2016 20:56:41 GMT
GET / Tue, 11 Oct 2016 21:01:42 GMT
GET /cat%20toy Tue, 11 Oct 2016 21:01:42 GMT
GET /new Tue, 11 Oct 2016 21:01:42 GMT
POST / Tue, 11 Oct 2016 21:01:42 GMT
POST / Tue, 11 Oct 2016 21:01:42 GMT
POST / Tue, 11 Oct 2016 21:01:42 GMT
POST / Tue, 11 Oct 2016 21:01:42 GMT
GET /1 Tue, 11 Oct 2016 21:01:42 GMT
GET /2 Tue, 11 Oct 2016 21:01:42 GMT
GET /1 Tue, 11 Oct 2016 21:01:42 GMT
POST /1 Tue, 11 Oct 2016 21:01:42 GMT
POST /1 Tue, 11 Oct 2016 21:01:42 GMT
POST /1 Tue, 11 Oct 2016 21:01:42 GMT
POST /cat%20toy Tue, 11 Oct 2016 21:01:42 GMT
GET /1 Tue, 11 Oct 2016 21:01:42 GMT
DELETE /496 Tue, 11 Oct 2016 21:01:43 GMT
DELETE /1 Tue, 11 Oct 2016 21:01:43 GMT
GET /1 Tue, 11 Oct 2016 21:01:43 GMT
GET / Tue, 11 Oct 2016 21:01:43 GMT
GET / Tue, 11 Oct 2016 21:01:43 GMT
GET /cat%20toy Tue, 11 Oct 2016 21:01:43 GMT
GET /new Tue, 11 Oct 2016 21:01:43 GMT
POST / Tue, 11 Oct 2016 21:01:43 GMT
POST / Tue, 11 Oct 2016 21:01:43 GMT
POST / Tue, 11 Oct 2016 21:01:43 GMT
POST / Tue, 11 Oct 2016 21:01:43 GMT
GET /Barking%20Doge Tue, 11 Oct 2016 21:01:43 GMT
GET /Wofeing%20Doge Tue, 11 Oct 2016 21:01:43 GMT
GET /Barking%20Doge Tue, 11 Oct 2016 21:01:43 GMT
POST /Barking%20Doge Tue, 11 Oct 2016 21:01:43 GMT
POST /Wofeing%20Doge Tue, 11 Oct 2016 21:01:43 GMT
POST /Wofeing%20Doge Tue, 11 Oct 2016 21:01:43 GMT
POST /Such%20Doge Tue, 11 Oct 2016 21:01:43 GMT
GET /ANGERY%20Doge Tue, 11 Oct 2016 21:01:43 GMT
DELETE /Such%20Doge Tue, 11 Oct 2016 21:01:43 GMT
DELETE /Wofeing%20Doge Tue, 11 Oct 2016 21:01:43 GMT
GET /Wofeing%20Doge Tue, 11 Oct 2016 21:01:43 GMT
GET / Tue, 11 Oct 2016 21:31:55 GMT
GET / Tue, 11 Oct 2016 21:33:00 GMT
GET /new Tue, 11 Oct 2016 21:33:02 GMT
POST / Tue, 11 Oct 2016 21:33:13 GMT
GET /Barking%20Doge Tue, 11 Oct 2016 21:33:15 GMT
GET / Tue, 11 Oct 2016 21:33:22 GMT
GET /Barking%20Doge Tue, 11 Oct 2016 21:33:24 GMT
GET /Barking%20Doge/edit Tue, 11 Oct 2016 21:33:25 GMT
POST /Barking%20Doge Tue, 11 Oct 2016 21:33:30 GMT
GET / Tue, 11 Oct 2016 21:33:33 GMT
GET / Tue, 11 Oct 2016 21:33:38 GMT
GET /new Tue, 11 Oct 2016 21:33:40 GMT
POST / Tue, 11 Oct 2016 21:33:50 GMT
GET / Tue, 11 Oct 2016 21:33:55 GMT
GET /1 Tue, 11 Oct 2016 21:34:08 GMT
GET /1/edit Tue, 11 Oct 2016 21:34:12 GMT
POST /1 Tue, 11 Oct 2016 21:34:16 GMT
GET / Tue, 11 Oct 2016 21:34:21 GMT
GET / Tue, 11 Oct 2016 21:34:24 GMT
GET / Wed, 12 Oct 2016 04:15:25 GMT
GET /cat%20toy Wed, 12 Oct 2016 04:15:25 GMT
GET /new Wed, 12 Oct 2016 04:15:25 GMT
POST / Wed, 12 Oct 2016 04:15:26 GMT
POST / Wed, 12 Oct 2016 04:15:26 GMT
POST / Wed, 12 Oct 2016 04:15:26 GMT
POST / Wed, 12 Oct 2016 04:15:26 GMT
GET /1 Wed, 12 Oct 2016 04:15:26 GMT
GET /2 Wed, 12 Oct 2016 04:15:26 GMT
GET /1 Wed, 12 Oct 2016 04:15:26 GMT
POST /1 Wed, 12 Oct 2016 04:15:26 GMT
POST /1 Wed, 12 Oct 2016 04:15:26 GMT
POST /1 Wed, 12 Oct 2016 04:15:26 GMT
POST /cat%20toy Wed, 12 Oct 2016 04:15:26 GMT
GET /1 Wed, 12 Oct 2016 04:15:26 GMT
DELETE /496 Wed, 12 Oct 2016 04:15:26 GMT
DELETE /1 Wed, 12 Oct 2016 04:15:26 GMT
GET /1 Wed, 12 Oct 2016 04:15:26 GMT
GET / Wed, 12 Oct 2016 04:15:26 GMT
GET / Wed, 12 Oct 2016 04:15:26 GMT
GET /cat%20toy Wed, 12 Oct 2016 04:15:27 GMT
GET /new Wed, 12 Oct 2016 04:15:27 GMT
POST / Wed, 12 Oct 2016 04:15:27 GMT
POST / Wed, 12 Oct 2016 04:15:27 GMT
POST / Wed, 12 Oct 2016 04:15:27 GMT
POST / Wed, 12 Oct 2016 04:15:27 GMT
GET /Barking%20Doge Wed, 12 Oct 2016 04:15:27 GMT
GET /Wofeing%20Doge Wed, 12 Oct 2016 04:15:27 GMT
GET /Barking%20Doge Wed, 12 Oct 2016 04:15:27 GMT
POST /Barking%20Doge Wed, 12 Oct 2016 04:15:27 GMT
POST /Wofeing%20Doge Wed, 12 Oct 2016 04:15:27 GMT
POST /Wofeing%20Doge Wed, 12 Oct 2016 04:15:27 GMT
POST /Such%20Doge Wed, 12 Oct 2016 04:15:27 GMT
GET /ANGERY%20Doge Wed, 12 Oct 2016 04:15:27 GMT
DELETE /Such%20Doge Wed, 12 Oct 2016 04:15:27 GMT
DELETE /Wofeing%20Doge Wed, 12 Oct 2016 04:15:27 GMT
GET /Wofeing%20Doge Wed, 12 Oct 2016 04:15:27 GMT
GET / Wed, 12 Oct 2016 04:15:58 GMT
GET /cat%20toy Wed, 12 Oct 2016 04:15:58 GMT
GET /new Wed, 12 Oct 2016 04:15:58 GMT
POST / Wed, 12 Oct 2016 04:15:58 GMT
POST / Wed, 12 Oct 2016 04:15:58 GMT
POST / Wed, 12 Oct 2016 04:15:58 GMT
POST / Wed, 12 Oct 2016 04:15:58 GMT
GET /1 Wed, 12 Oct 2016 04:15:58 GMT
GET /2 Wed, 12 Oct 2016 04:15:59 GMT
GET /1 Wed, 12 Oct 2016 04:15:59 GMT
POST /1 Wed, 12 Oct 2016 04:15:59 GMT
POST /1 Wed, 12 Oct 2016 04:15:59 GMT
POST /1 Wed, 12 Oct 2016 04:15:59 GMT
POST /cat%20toy Wed, 12 Oct 2016 04:15:59 GMT
GET /1 Wed, 12 Oct 2016 04:15:59 GMT
DELETE /496 Wed, 12 Oct 2016 04:15:59 GMT
DELETE /1 Wed, 12 Oct 2016 04:15:59 GMT
GET /1 Wed, 12 Oct 2016 04:15:59 GMT
GET / Wed, 12 Oct 2016 04:15:59 GMT
GET / Wed, 12 Oct 2016 04:15:59 GMT
GET /cat%20toy Wed, 12 Oct 2016 04:15:59 GMT
GET /new Wed, 12 Oct 2016 04:15:59 GMT
POST / Wed, 12 Oct 2016 04:15:59 GMT
POST / Wed, 12 Oct 2016 04:15:59 GMT
POST / Wed, 12 Oct 2016 04:15:59 GMT
POST / Wed, 12 Oct 2016 04:15:59 GMT
GET /Barking%20Doge Wed, 12 Oct 2016 04:15:59 GMT
GET /Wofeing%20Doge Wed, 12 Oct 2016 04:15:59 GMT
GET /Barking%20Doge Wed, 12 Oct 2016 04:15:59 GMT
POST /Barking%20Doge Wed, 12 Oct 2016 04:15:59 GMT
POST /Wofeing%20Doge Wed, 12 Oct 2016 04:15:59 GMT
POST /Wofeing%20Doge Wed, 12 Oct 2016 04:15:59 GMT
POST /Such%20Doge Wed, 12 Oct 2016 04:15:59 GMT
GET /ANGERY%20Doge Wed, 12 Oct 2016 04:15:59 GMT
DELETE /Such%20Doge Wed, 12 Oct 2016 04:15:59 GMT
DELETE /Wofeing%20Doge Wed, 12 Oct 2016 04:15:59 GMT
GET /Wofeing%20Doge Wed, 12 Oct 2016 04:15:59 GMT
GET / Wed, 12 Oct 2016 04:22:53 GMT
GET /cat%20toy Wed, 12 Oct 2016 04:22:54 GMT
GET /new Wed, 12 Oct 2016 04:22:54 GMT
POST / Wed, 12 Oct 2016 04:22:54 GMT
POST / Wed, 12 Oct 2016 04:22:54 GMT
POST / Wed, 12 Oct 2016 04:22:54 GMT
POST / Wed, 12 Oct 2016 04:22:54 GMT
GET /1 Wed, 12 Oct 2016 04:22:54 GMT
GET /2 Wed, 12 Oct 2016 04:22:54 GMT
GET /1 Wed, 12 Oct 2016 04:22:54 GMT
POST /1 Wed, 12 Oct 2016 04:22:54 GMT
POST /1 Wed, 12 Oct 2016 04:22:54 GMT
POST /1 Wed, 12 Oct 2016 04:22:54 GMT
POST /cat%20toy Wed, 12 Oct 2016 04:22:54 GMT
GET /1 Wed, 12 Oct 2016 04:22:54 GMT
DELETE /496 Wed, 12 Oct 2016 04:22:54 GMT
DELETE /1 Wed, 12 Oct 2016 04:22:54 GMT
GET /1 Wed, 12 Oct 2016 04:22:54 GMT
GET / Wed, 12 Oct 2016 04:22:54 GMT
GET / Wed, 12 Oct 2016 04:22:54 GMT
GET /cat%20toy Wed, 12 Oct 2016 04:22:55 GMT
GET /new Wed, 12 Oct 2016 04:22:55 GMT
POST / Wed, 12 Oct 2016 04:22:55 GMT
POST / Wed, 12 Oct 2016 04:22:55 GMT
POST / Wed, 12 Oct 2016 04:22:55 GMT
POST / Wed, 12 Oct 2016 04:22:55 GMT
GET /Barking%20Doge Wed, 12 Oct 2016 04:22:55 GMT
GET /Wofeing%20Doge Wed, 12 Oct 2016 04:22:55 GMT
GET /Barking%20Doge Wed, 12 Oct 2016 04:22:55 GMT
POST /Barking%20Doge Wed, 12 Oct 2016 04:22:55 GMT
POST /Wofeing%20Doge Wed, 12 Oct 2016 04:22:55 GMT
POST /Wofeing%20Doge Wed, 12 Oct 2016 04:22:55 GMT
POST /Such%20Doge Wed, 12 Oct 2016 04:22:55 GMT
GET /ANGERY%20Doge Wed, 12 Oct 2016 04:22:55 GMT
DELETE /Such%20Doge Wed, 12 Oct 2016 04:22:55 GMT
DELETE /Wofeing%20Doge Wed, 12 Oct 2016 04:22:55 GMT
GET /Wofeing%20Doge Wed, 12 Oct 2016 04:22:55 GMT
GET / Wed, 12 Oct 2016 04:25:36 GMT
GET /cat%20toy Wed, 12 Oct 2016 04:25:36 GMT
GET /new Wed, 12 Oct 2016 04:25:36 GMT
POST / Wed, 12 Oct 2016 04:25:36 GMT
POST / Wed, 12 Oct 2016 04:25:36 GMT
POST / Wed, 12 Oct 2016 04:25:36 GMT
POST / Wed, 12 Oct 2016 04:25:36 GMT
GET /1 Wed, 12 Oct 2016 04:25:36 GMT
GET /2 Wed, 12 Oct 2016 04:25:36 GMT
GET /1 Wed, 12 Oct 2016 04:25:37 GMT
POST /1 Wed, 12 Oct 2016 04:25:37 GMT
POST /1 Wed, 12 Oct 2016 04:25:37 GMT
POST /1 Wed, 12 Oct 2016 04:25:37 GMT
POST /cat%20toy Wed, 12 Oct 2016 04:25:37 GMT
GET /1 Wed, 12 Oct 2016 04:25:37 GMT
DELETE /496 Wed, 12 Oct 2016 04:25:37 GMT
DELETE /1 Wed, 12 Oct 2016 04:25:37 GMT
GET /1 Wed, 12 Oct 2016 04:25:37 GMT
GET / Wed, 12 Oct 2016 04:25:37 GMT
GET / Wed, 12 Oct 2016 04:25:37 GMT
GET /cat%20toy Wed, 12 Oct 2016 04:25:37 GMT
GET /new Wed, 12 Oct 2016 04:25:37 GMT
POST / Wed, 12 Oct 2016 04:25:37 GMT
POST / Wed, 12 Oct 2016 04:25:37 GMT
POST / Wed, 12 Oct 2016 04:25:37 GMT
POST / Wed, 12 Oct 2016 04:25:37 GMT
GET /Barking%20Doge Wed, 12 Oct 2016 04:25:37 GMT
GET /Wofeing%20Doge Wed, 12 Oct 2016 04:25:37 GMT
GET /Barking%20Doge Wed, 12 Oct 2016 04:25:37 GMT
POST /Barking%20Doge Wed, 12 Oct 2016 04:25:37 GMT
POST /Wofeing%20Doge Wed, 12 Oct 2016 04:25:37 GMT
POST /Wofeing%20Doge Wed, 12 Oct 2016 04:25:37 GMT
POST /Such%20Doge Wed, 12 Oct 2016 04:25:37 GMT
GET /ANGERY%20Doge Wed, 12 Oct 2016 04:25:37 GMT
DELETE /Such%20Doge Wed, 12 Oct 2016 04:25:37 GMT
DELETE /Wofeing%20Doge Wed, 12 Oct 2016 04:25:37 GMT
GET /Wofeing%20Doge Wed, 12 Oct 2016 04:25:37 GMT
GET / Wed, 12 Oct 2016 04:27:41 GMT
GET /cat%20toy Wed, 12 Oct 2016 04:27:41 GMT
GET /new Wed, 12 Oct 2016 04:27:41 GMT
POST / Wed, 12 Oct 2016 04:27:41 GMT
POST / Wed, 12 Oct 2016 04:27:41 GMT
POST / Wed, 12 Oct 2016 04:27:41 GMT
POST / Wed, 12 Oct 2016 04:27:41 GMT
GET /1 Wed, 12 Oct 2016 04:27:41 GMT
GET /2 Wed, 12 Oct 2016 04:27:41 GMT
GET /1 Wed, 12 Oct 2016 04:27:41 GMT
POST /1 Wed, 12 Oct 2016 04:27:41 GMT
POST /1 Wed, 12 Oct 2016 04:27:42 GMT
POST /1 Wed, 12 Oct 2016 04:27:42 GMT
POST /cat%20toy Wed, 12 Oct 2016 04:27:42 GMT
GET /1 Wed, 12 Oct 2016 04:27:42 GMT
DELETE /496 Wed, 12 Oct 2016 04:27:42 GMT
DELETE /1 Wed, 12 Oct 2016 04:27:42 GMT
GET /1 Wed, 12 Oct 2016 04:27:42 GMT
GET / Wed, 12 Oct 2016 04:27:42 GMT
GET / Wed, 12 Oct 2016 04:27:42 GMT
GET /cat%20toy Wed, 12 Oct 2016 04:27:42 GMT
GET /new Wed, 12 Oct 2016 04:27:42 GMT
POST / Wed, 12 Oct 2016 04:27:42 GMT
POST / Wed, 12 Oct 2016 04:27:42 GMT
POST / Wed, 12 Oct 2016 04:27:42 GMT
POST / Wed, 12 Oct 2016 04:27:42 GMT
GET /Barking%20Doge Wed, 12 Oct 2016 04:27:42 GMT
GET /Wofeing%20Doge Wed, 12 Oct 2016 04:27:42 GMT
GET /Barking%20Doge Wed, 12 Oct 2016 04:27:42 GMT
POST /Barking%20Doge Wed, 12 Oct 2016 04:27:42 GMT
POST /Wofeing%20Doge Wed, 12 Oct 2016 04:27:42 GMT
POST /Wofeing%20Doge Wed, 12 Oct 2016 04:27:42 GMT
POST /Such%20Doge Wed, 12 Oct 2016 04:27:42 GMT
GET /ANGERY%20Doge Wed, 12 Oct 2016 04:27:42 GMT
DELETE /Such%20Doge Wed, 12 Oct 2016 04:27:42 GMT
DELETE /Wofeing%20Doge Wed, 12 Oct 2016 04:27:42 GMT
GET /Wofeing%20Doge Wed, 12 Oct 2016 04:27:42 GMT
GET / Wed, 12 Oct 2016 04:29:50 GMT
GET /cat%20toy Wed, 12 Oct 2016 04:29:50 GMT
GET /new Wed, 12 Oct 2016 04:29:50 GMT
POST / Wed, 12 Oct 2016 04:29:50 GMT
POST / Wed, 12 Oct 2016 04:29:50 GMT
POST / Wed, 12 Oct 2016 04:29:50 GMT
POST / Wed, 12 Oct 2016 04:29:50 GMT
GET /1 Wed, 12 Oct 2016 04:29:50 GMT
GET /2 Wed, 12 Oct 2016 04:29:50 GMT
GET /1 Wed, 12 Oct 2016 04:29:50 GMT
POST /1 Wed, 12 Oct 2016 04:29:50 GMT
POST /1 Wed, 12 Oct 2016 04:29:50 GMT
POST /1 Wed, 12 Oct 2016 04:29:50 GMT
POST /cat%20toy Wed, 12 Oct 2016 04:29:50 GMT
GET /1 Wed, 12 Oct 2016 04:29:50 GMT
DELETE /496 Wed, 12 Oct 2016 04:29:51 GMT
DELETE /1 Wed, 12 Oct 2016 04:29:51 GMT
GET /1 Wed, 12 Oct 2016 04:29:51 GMT
GET / Wed, 12 Oct 2016 04:29:51 GMT
GET / Wed, 12 Oct 2016 04:29:51 GMT
GET /cat%20toy Wed, 12 Oct 2016 04:29:51 GMT
GET /new Wed, 12 Oct 2016 04:29:51 GMT
POST / Wed, 12 Oct 2016 04:29:51 GMT
POST / Wed, 12 Oct 2016 04:29:51 GMT
POST / Wed, 12 Oct 2016 04:29:51 GMT
POST / Wed, 12 Oct 2016 04:29:51 GMT
GET /Barking%20Doge Wed, 12 Oct 2016 04:29:51 GMT
GET /Wofeing%20Doge Wed, 12 Oct 2016 04:29:51 GMT
GET /Barking%20Doge Wed, 12 Oct 2016 04:29:51 GMT
POST /Barking%20Doge Wed, 12 Oct 2016 04:29:51 GMT
POST /Wofeing%20Doge Wed, 12 Oct 2016 04:29:51 GMT
POST /Wofeing%20Doge Wed, 12 Oct 2016 04:29:51 GMT
POST /Such%20Doge Wed, 12 Oct 2016 04:29:51 GMT
GET /ANGERY%20Doge Wed, 12 Oct 2016 04:29:51 GMT
DELETE /Such%20Doge Wed, 12 Oct 2016 04:29:51 GMT
DELETE /Wofeing%20Doge Wed, 12 Oct 2016 04:29:51 GMT
GET /Wofeing%20Doge Wed, 12 Oct 2016 04:29:51 GMT
GET / Wed, 12 Oct 2016 04:30:33 GMT
GET /cat%20toy Wed, 12 Oct 2016 04:30:34 GMT
GET /new Wed, 12 Oct 2016 04:30:34 GMT
POST / Wed, 12 Oct 2016 04:30:34 GMT
POST / Wed, 12 Oct 2016 04:30:34 GMT
POST / Wed, 12 Oct 2016 04:30:34 GMT
POST / Wed, 12 Oct 2016 04:30:34 GMT
GET /1 Wed, 12 Oct 2016 04:30:34 GMT
GET /2 Wed, 12 Oct 2016 04:30:34 GMT
GET /1 Wed, 12 Oct 2016 04:30:34 GMT
POST /1 Wed, 12 Oct 2016 04:30:34 GMT
POST /1 Wed, 12 Oct 2016 04:30:34 GMT
POST /1 Wed, 12 Oct 2016 04:30:34 GMT
POST /cat%20toy Wed, 12 Oct 2016 04:30:34 GMT
GET /1 Wed, 12 Oct 2016 04:30:34 GMT
DELETE /496 Wed, 12 Oct 2016 04:30:34 GMT
DELETE /1 Wed, 12 Oct 2016 04:30:34 GMT
GET /1 Wed, 12 Oct 2016 04:30:34 GMT
GET / Wed, 12 Oct 2016 04:30:34 GMT
GET / Wed, 12 Oct 2016 04:30:34 GMT
GET /cat%20toy Wed, 12 Oct 2016 04:30:34 GMT
GET /new Wed, 12 Oct 2016 04:30:34 GMT
POST / Wed, 12 Oct 2016 04:30:35 GMT
POST / Wed, 12 Oct 2016 04:30:35 GMT
POST / Wed, 12 Oct 2016 04:30:35 GMT
POST / Wed, 12 Oct 2016 04:30:35 GMT
GET /Barking%20Doge Wed, 12 Oct 2016 04:30:35 GMT
GET /Wofeing%20Doge Wed, 12 Oct 2016 04:30:35 GMT
GET /Barking%20Doge Wed, 12 Oct 2016 04:30:35 GMT
POST /Barking%20Doge Wed, 12 Oct 2016 04:30:35 GMT
POST /Wofeing%20Doge Wed, 12 Oct 2016 04:30:35 GMT
POST /Wofeing%20Doge Wed, 12 Oct 2016 04:30:35 GMT
POST /Such%20Doge Wed, 12 Oct 2016 04:30:35 GMT
GET /ANGERY%20Doge Wed, 12 Oct 2016 04:30:35 GMT
DELETE /Such%20Doge Wed, 12 Oct 2016 04:30:35 GMT
DELETE /Wofeing%20Doge Wed, 12 Oct 2016 04:30:35 GMT
GET /Wofeing%20Doge Wed, 12 Oct 2016 04:30:35 GMT
GET / Wed, 12 Oct 2016 04:30:55 GMT
GET /cat%20toy Wed, 12 Oct 2016 04:30:56 GMT
GET /new Wed, 12 Oct 2016 04:30:56 GMT
POST / Wed, 12 Oct 2016 04:30:56 GMT
POST / Wed, 12 Oct 2016 04:30:56 GMT
POST / Wed, 12 Oct 2016 04:30:56 GMT
POST / Wed, 12 Oct 2016 04:30:56 GMT
GET /1 Wed, 12 Oct 2016 04:30:56 GMT
GET /2 Wed, 12 Oct 2016 04:30:56 GMT
GET /1 Wed, 12 Oct 2016 04:30:56 GMT
POST /1 Wed, 12 Oct 2016 04:30:56 GMT
POST /1 Wed, 12 Oct 2016 04:30:56 GMT
POST /1 Wed, 12 Oct 2016 04:30:56 GMT
POST /cat%20toy Wed, 12 Oct 2016 04:30:56 GMT
GET /1 Wed, 12 Oct 2016 04:30:56 GMT
DELETE /496 Wed, 12 Oct 2016 04:30:56 GMT
DELETE /1 Wed, 12 Oct 2016 04:30:56 GMT
GET /1 Wed, 12 Oct 2016 04:30:56 GMT
GET / Wed, 12 Oct 2016 04:30:56 GMT
GET / Wed, 12 Oct 2016 04:30:56 GMT
GET /cat%20toy Wed, 12 Oct 2016 04:30:56 GMT
GET /new Wed, 12 Oct 2016 04:30:56 GMT
POST / Wed, 12 Oct 2016 04:30:57 GMT
POST / Wed, 12 Oct 2016 04:30:57 GMT
POST / Wed, 12 Oct 2016 04:30:57 GMT
POST / Wed, 12 Oct 2016 04:30:57 GMT
GET /Barking%20Doge Wed, 12 Oct 2016 04:30:57 GMT
GET /Wofeing%20Doge Wed, 12 Oct 2016 04:30:57 GMT
GET /Barking%20Doge Wed, 12 Oct 2016 04:30:57 GMT
POST /Barking%20Doge Wed, 12 Oct 2016 04:30:57 GMT
POST /Wofeing%20Doge Wed, 12 Oct 2016 04:30:57 GMT
POST /Wofeing%20Doge Wed, 12 Oct 2016 04:30:57 GMT
POST /Such%20Doge Wed, 12 Oct 2016 04:30:57 GMT
GET /ANGERY%20Doge Wed, 12 Oct 2016 04:30:57 GMT
DELETE /Such%20Doge Wed, 12 Oct 2016 04:30:57 GMT
DELETE /Wofeing%20Doge Wed, 12 Oct 2016 04:30:57 GMT
GET /Wofeing%20Doge Wed, 12 Oct 2016 04:30:57 GMT
